# JRE version: OpenJDK Runtime Environment (8.0_202-b03) (build 1.8.0_202-release-1483-b03)
# Java VM: OpenJDK 64-Bit Server VM (25.202-b03 mixed mode windows-amd64 compressed oops)
Heap:
 PSYoungGen      total 167936K, used 14329K [0x00000000e0000000, 0x00000000ee680000, 0x0000000100000000)
  eden space 153600K, 0% used [0x00000000e0000000,0x00000000e0000000,0x00000000e9600000)
  from space 14336K, 99% used [0x00000000e9600000,0x00000000ea3fe7c8,0x00000000ea400000)
  to   space 18944K, 0% used [0x00000000ed400000,0x00000000ed400000,0x00000000ee680000)
 ParOldGen       total 81920K, used 29159K [0x00000000a0000000, 0x00000000a5000000, 0x00000000e0000000)
  object space 81920K, 35% used [0x00000000a0000000,0x00000000a1c79f80,0x00000000a5000000)
 Metaspace       used 57378K, capacity 58988K, committed 59028K, reserved 1099776K
  class space    used 7730K, capacity 8121K, committed 8152K, reserved 1048576K
GC Heap History (10 events):
Event: 6.017 GC heap after
Heap after GC invocations=9 (full 1):
 PSYoungGen      total 122880K, used 9025K [0x00000000e0000000, 0x00000000e8380000, 0x0000000100000000)
  eden space 113152K, 0% used [0x00000000e0000000,0x00000000e0000000,0x00000000e6e80000)
  from space 9728K, 92% used [0x00000000e7a00000,0x00000000e82d0440,0x00000000e8380000)
  to   space 10752K, 0% used [0x00000000e6e80000,0x00000000e6e80000,0x00000000e7900000)
 ParOldGen       total 54272K, used 7914K [0x00000000a0000000, 0x00000000a3500000, 0x00000000e0000000)
  object space 54272K, 14% used [0x00000000a0000000,0x00000000a07ba868,0x00000000a3500000)
 Metaspace       used 31831K, capacity 32356K, committed 32768K, reserved 1077248K
  class space    used 4370K, capacity 4535K, committed 4608K, reserved 1048576K
}
Event: 7.176 GC heap before
{Heap before GC invocations=10 (full 1):
 PSYoungGen      total 122880K, used 62908K [0x00000000e0000000, 0x00000000e8380000, 0x0000000100000000)
  eden space 113152K, 47% used [0x00000000e0000000,0x00000000e349ee48,0x00000000e6e80000)
  from space 9728K, 92% used [0x00000000e7a00000,0x00000000e82d0440,0x00000000e8380000)
  to   space 10752K, 0% used [0x00000000e6e80000,0x00000000e6e80000,0x00000000e7900000)
 ParOldGen       total 54272K, used 7914K [0x00000000a0000000, 0x00000000a3500000, 0x00000000e0000000)
  object space 54272K, 14% used [0x00000000a0000000,0x00000000a07ba868,0x00000000a3500000)
 Metaspace       used 34563K, capacity 35286K, committed 35416K, reserved 1079296K
  class space    used 4742K, capacity 4940K, committed 4952K, reserved 1048576K
Event: 7.188 GC heap after
Heap after GC invocations=10 (full 1):
 PSYoungGen      total 123904K, used 10709K [0x00000000e0000000, 0x00000000eb200000, 0x0000000100000000)
  eden space 113152K, 0% used [0x00000000e0000000,0x00000000e0000000,0x00000000e6e80000)
  from space 10752K, 99% used [0x00000000e6e80000,0x00000000e78f57f8,0x00000000e7900000)
  to   space 11776K, 0% used [0x00000000ea680000,0x00000000ea680000,0x00000000eb200000)
 ParOldGen       total 54272K, used 7922K [0x00000000a0000000, 0x00000000a3500000, 0x00000000e0000000)
  object space 54272K, 14% used [0x00000000a0000000,0x00000000a07bc868,0x00000000a3500000)
 Metaspace       used 34563K, capacity 35286K, committed 35416K, reserved 1079296K
  class space    used 4742K, capacity 4940K, committed 4952K, reserved 1048576K
}
Event: 7.188 GC heap before
{Heap before GC invocations=11 (full 2):
 PSYoungGen      total 123904K, used 10709K [0x00000000e0000000, 0x00000000eb200000, 0x0000000100000000)
  eden space 113152K, 0% used [0x00000000e0000000,0x00000000e0000000,0x00000000e6e80000)
  from space 10752K, 99% used [0x00000000e6e80000,0x00000000e78f57f8,0x00000000e7900000)
  to   space 11776K, 0% used [0x00000000ea680000,0x00000000ea680000,0x00000000eb200000)
 ParOldGen       total 54272K, used 7922K [0x00000000a0000000, 0x00000000a3500000, 0x00000000e0000000)
  object space 54272K, 14% used [0x00000000a0000000,0x00000000a07bc868,0x00000000a3500000)
 Metaspace       used 34563K, capacity 35286K, committed 35416K, reserved 1079296K
  class space    used 4742K, capacity 4940K, committed 4952K, reserved 1048576K
Event: 7.248 GC heap after
Heap after GC invocations=11 (full 2):
 PSYoungGen      total 123904K, used 0K [0x00000000e0000000, 0x00000000eb200000, 0x0000000100000000)
  eden space 113152K, 0% used [0x00000000e0000000,0x00000000e0000000,0x00000000e6e80000)
  from space 10752K, 0% used [0x00000000e6e80000,0x00000000e6e80000,0x00000000e7900000)
  to   space 11776K, 0% used [0x00000000ea680000,0x00000000ea680000,0x00000000eb200000)
 ParOldGen       total 81920K, used 17570K [0x00000000a0000000, 0x00000000a5000000, 0x00000000e0000000)
  object space 81920K, 21% used [0x00000000a0000000,0x00000000a11288f0,0x00000000a5000000)
 Metaspace       used 34558K, capacity 35268K, committed 35416K, reserved 1079296K
  class space    used 4740K, capacity 4937K, committed 4952K, reserved 1048576K
}
Event: 9.047 GC heap before
{Heap before GC invocations=12 (full 2):
 PSYoungGen      total 123904K, used 113152K [0x00000000e0000000, 0x00000000eb200000, 0x0000000100000000)
  eden space 113152K, 100% used [0x00000000e0000000,0x00000000e6e80000,0x00000000e6e80000)
  from space 10752K, 0% used [0x00000000e6e80000,0x00000000e6e80000,0x00000000e7900000)
  to   space 11776K, 0% used [0x00000000ea680000,0x00000000ea680000,0x00000000eb200000)
 ParOldGen       total 81920K, used 17570K [0x00000000a0000000, 0x00000000a5000000, 0x00000000e0000000)
  object space 81920K, 21% used [0x00000000a0000000,0x00000000a11288f0,0x00000000a5000000)
 Metaspace       used 45979K, capacity 46932K, committed 47192K, reserved 1089536K
  class space    used 6158K, capacity 6368K, committed 6488K, reserved 1048576K
Event: 9.064 GC heap after
Heap after GC invocations=12 (full 2):
 PSYoungGen      total 161280K, used 11751K [0x00000000e0000000, 0x00000000eb200000, 0x0000000100000000)
  eden space 149504K, 0% used [0x00000000e0000000,0x00000000e0000000,0x00000000e9200000)
  from space 11776K, 99% used [0x00000000ea680000,0x00000000eb1f9e70,0x00000000eb200000)
  to   space 14336K, 0% used [0x00000000e9600000,0x00000000e9600000,0x00000000ea400000)
 ParOldGen       total 81920K, used 20698K [0x00000000a0000000, 0x00000000a5000000, 0x00000000e0000000)
  object space 81920K, 25% used [0x00000000a0000000,0x00000000a1436830,0x00000000a5000000)
 Metaspace       used 45979K, capacity 46932K, committed 47192K, reserved 1089536K
  class space    used 6158K, capacity 6368K, committed 6488K, reserved 1048576K
}
Event: 11.534 GC heap before
{Heap before GC invocations=13 (full 2):
 PSYoungGen      total 161280K, used 160172K [0x00000000e0000000, 0x00000000eb200000, 0x0000000100000000)
  eden space 149504K, 99% used [0x00000000e0000000,0x00000000e90f1508,0x00000000e9200000)
  from space 11776K, 99% used [0x00000000ea680000,0x00000000eb1f9e70,0x00000000eb200000)
  to   space 14336K, 0% used [0x00000000e9600000,0x00000000e9600000,0x00000000ea400000)
 ParOldGen       total 81920K, used 20698K [0x00000000a0000000, 0x00000000a5000000, 0x00000000e0000000)
  object space 81920K, 25% used [0x00000000a0000000,0x00000000a1436830,0x00000000a5000000)
 Metaspace       used 57378K, capacity 58988K, committed 59028K, reserved 1099776K
  class space    used 7730K, capacity 8121K, committed 8152K, reserved 1048576K
Event: 11.580 GC heap after
Heap after GC invocations=13 (full 2):
 PSYoungGen      total 167936K, used 14329K [0x00000000e0000000, 0x00000000ee680000, 0x0000000100000000)
  eden space 153600K, 0% used [0x00000000e0000000,0x00000000e0000000,0x00000000e9600000)
  from space 14336K, 99% used [0x00000000e9600000,0x00000000ea3fe7c8,0x00000000ea400000)
  to   space 18944K, 0% used [0x00000000ed400000,0x00000000ed400000,0x00000000ee680000)
 ParOldGen       total 81920K, used 29159K [0x00000000a0000000, 0x00000000a5000000, 0x00000000e0000000)
  object space 81920K, 35% used [0x00000000a0000000,0x00000000a1c79f80,0x00000000a5000000)
 Metaspace       used 57378K, capacity 58988K, committed 59028K, reserved 1099776K
  class space    used 7730K, capacity 8121K, committed 8152K, reserved 1048576K
}
Event: 11.580 GC heap before
{Heap before GC invocations=14 (full 3):
 PSYoungGen      total 167936K, used 14329K [0x00000000e0000000, 0x00000000ee680000, 0x0000000100000000)
  eden space 153600K, 0% used [0x00000000e0000000,0x00000000e0000000,0x00000000e9600000)
  from space 14336K, 99% used [0x00000000e9600000,0x00000000ea3fe7c8,0x00000000ea400000)
  to   space 18944K, 0% used [0x00000000ed400000,0x00000000ed400000,0x00000000ee680000)
 ParOldGen       total 81920K, used 29159K [0x00000000a0000000, 0x00000000a5000000, 0x00000000e0000000)
  object space 81920K, 35% used [0x00000000a0000000,0x00000000a1c79f80,0x00000000a5000000)
 Metaspace       used 57378K, capacity 58988K, committed 59028K, reserved 1099776K
  class space    used 7730K, capacity 8121K, committed 8152K, reserved 1048576K

