# JRE version: OpenJDK Runtime Environment (8.0_202-b03) (build 1.8.0_202-release-1483-b03)
# Java VM: OpenJDK 64-Bit Server VM (25.202-b03 mixed mode windows-amd64 compressed oops)
Heap:
 PSYoungGen      total 153088K, used 69328K [0x00000000d5e00000, 0x00000000e4280000, 0x0000000100000000)
  eden space 137728K, 39% used [0x00000000d5e00000,0x00000000d92ba098,0x00000000de480000)
  from space 15360K, 99% used [0x00000000dfc80000,0x00000000e0b7a2a0,0x00000000e0b80000)
  to   space 24576K, 0% used [0x00000000de480000,0x00000000de480000,0x00000000dfc80000)
 ParOldGen       total 108032K, used 31536K [0x0000000081a00000, 0x0000000088380000, 0x00000000d5e00000)
  object space 108032K, 29% used [0x0000000081a00000,0x00000000838cc3a0,0x0000000088380000)
 Metaspace       used 50848K, capacity 51914K, committed 51968K, reserved 1095680K
  class space    used 6361K, capacity 6623K, committed 6656K, reserved 1048576K
GC Heap History (10 events):
Event: 1.573 GC heap before
{Heap before GC invocations=4 (full 1):
 PSYoungGen      total 71680K, used 5112K [0x00000000d5e00000, 0x00000000dea00000, 0x0000000100000000)
  eden space 66560K, 0% used [0x00000000d5e00000,0x00000000d5e00000,0x00000000d9f00000)
  from space 5120K, 99% used [0x00000000d9f00000,0x00000000da3fe030,0x00000000da400000)
  to   space 5120K, 0% used [0x00000000de500000,0x00000000de500000,0x00000000dea00000)
 ParOldGen       total 87552K, used 11683K [0x0000000081a00000, 0x0000000086f80000, 0x00000000d5e00000)
  object space 87552K, 13% used [0x0000000081a00000,0x0000000082568f48,0x0000000086f80000)
 Metaspace       used 20711K, capacity 21112K, committed 21296K, reserved 1069056K
  class space    used 2450K, capacity 2593K, committed 2688K, reserved 1048576K
Event: 1.608 GC heap after
Heap after GC invocations=4 (full 1):
 PSYoungGen      total 71680K, used 0K [0x00000000d5e00000, 0x00000000dea00000, 0x0000000100000000)
  eden space 66560K, 0% used [0x00000000d5e00000,0x00000000d5e00000,0x00000000d9f00000)
  from space 5120K, 0% used [0x00000000d9f00000,0x00000000d9f00000,0x00000000da400000)
  to   space 5120K, 0% used [0x00000000de500000,0x00000000de500000,0x00000000dea00000)
 ParOldGen       total 63488K, used 8633K [0x0000000081a00000, 0x0000000085800000, 0x00000000d5e00000)
  object space 63488K, 13% used [0x0000000081a00000,0x000000008226e590,0x0000000085800000)
 Metaspace       used 20711K, capacity 21112K, committed 21296K, reserved 1069056K
  class space    used 2450K, capacity 2593K, committed 2688K, reserved 1048576K
}
Event: 2.919 GC heap before
{Heap before GC invocations=5 (full 1):
 PSYoungGen      total 71680K, used 66560K [0x00000000d5e00000, 0x00000000dea00000, 0x0000000100000000)
  eden space 66560K, 100% used [0x00000000d5e00000,0x00000000d9f00000,0x00000000d9f00000)
  from space 5120K, 0% used [0x00000000d9f00000,0x00000000d9f00000,0x00000000da400000)
  to   space 5120K, 0% used [0x00000000de500000,0x00000000de500000,0x00000000dea00000)
 ParOldGen       total 63488K, used 8633K [0x0000000081a00000, 0x0000000085800000, 0x00000000d5e00000)
  object space 63488K, 13% used [0x0000000081a00000,0x000000008226e590,0x0000000085800000)
 Metaspace       used 30102K, capacity 30634K, committed 30976K, reserved 1077248K
  class space    used 3856K, capacity 3994K, committed 4096K, reserved 1048576K
Event: 2.935 GC heap after
Heap after GC invocations=5 (full 1):
 PSYoungGen      total 104960K, used 5091K [0x00000000d5e00000, 0x00000000dea00000, 0x0000000100000000)
  eden space 99840K, 0% used [0x00000000d5e00000,0x00000000d5e00000,0x00000000dbf80000)
  from space 5120K, 99% used [0x00000000de500000,0x00000000de9f8c70,0x00000000dea00000)
  to   space 5120K, 0% used [0x00000000de000000,0x00000000de000000,0x00000000de500000)
 ParOldGen       total 63488K, used 20031K [0x0000000081a00000, 0x0000000085800000, 0x00000000d5e00000)
  object space 63488K, 31% used [0x0000000081a00000,0x0000000082d8fc78,0x0000000085800000)
 Metaspace       used 30102K, capacity 30634K, committed 30976K, reserved 1077248K
  class space    used 3856K, capacity 3994K, committed 4096K, reserved 1048576K
}
Event: 3.625 GC heap before
{Heap before GC invocations=6 (full 1):
 PSYoungGen      total 104960K, used 35359K [0x00000000d5e00000, 0x00000000dea00000, 0x0000000100000000)
  eden space 99840K, 30% used [0x00000000d5e00000,0x00000000d7b8f338,0x00000000dbf80000)
  from space 5120K, 99% used [0x00000000de500000,0x00000000de9f8c70,0x00000000dea00000)
  to   space 5120K, 0% used [0x00000000de000000,0x00000000de000000,0x00000000de500000)
 ParOldGen       total 63488K, used 20031K [0x0000000081a00000, 0x0000000085800000, 0x00000000d5e00000)
  object space 63488K, 31% used [0x0000000081a00000,0x0000000082d8fc78,0x0000000085800000)
 Metaspace       used 34872K, capacity 35426K, committed 35496K, reserved 1081344K
  class space    used 4459K, capacity 4607K, committed 4608K, reserved 1048576K
Event: 3.635 GC heap after
Heap after GC invocations=6 (full 1):
 PSYoungGen      total 138240K, used 5100K [0x00000000d5e00000, 0x00000000e0b80000, 0x0000000100000000)
  eden space 133120K, 0% used [0x00000000d5e00000,0x00000000d5e00000,0x00000000de000000)
  from space 5120K, 99% used [0x00000000de000000,0x00000000de4fb130,0x00000000de500000)
  to   space 15360K, 0% used [0x00000000dfc80000,0x00000000dfc80000,0x00000000e0b80000)
 ParOldGen       total 63488K, used 25902K [0x0000000081a00000, 0x0000000085800000, 0x00000000d5e00000)
  object space 63488K, 40% used [0x0000000081a00000,0x000000008334b938,0x0000000085800000)
 Metaspace       used 34872K, capacity 35426K, committed 35496K, reserved 1081344K
  class space    used 4459K, capacity 4607K, committed 4608K, reserved 1048576K
}
Event: 3.635 GC heap before
{Heap before GC invocations=7 (full 2):
 PSYoungGen      total 138240K, used 5100K [0x00000000d5e00000, 0x00000000e0b80000, 0x0000000100000000)
  eden space 133120K, 0% used [0x00000000d5e00000,0x00000000d5e00000,0x00000000de000000)
  from space 5120K, 99% used [0x00000000de000000,0x00000000de4fb130,0x00000000de500000)
  to   space 15360K, 0% used [0x00000000dfc80000,0x00000000dfc80000,0x00000000e0b80000)
 ParOldGen       total 63488K, used 25902K [0x0000000081a00000, 0x0000000085800000, 0x00000000d5e00000)
  object space 63488K, 40% used [0x0000000081a00000,0x000000008334b938,0x0000000085800000)
 Metaspace       used 34872K, capacity 35426K, committed 35496K, reserved 1081344K
  class space    used 4459K, capacity 4607K, committed 4608K, reserved 1048576K
Event: 3.711 GC heap after
Heap after GC invocations=7 (full 2):
 PSYoungGen      total 138240K, used 0K [0x00000000d5e00000, 0x00000000e0b80000, 0x0000000100000000)
  eden space 133120K, 0% used [0x00000000d5e00000,0x00000000d5e00000,0x00000000de000000)
  from space 5120K, 0% used [0x00000000de000000,0x00000000de000000,0x00000000de500000)
  to   space 15360K, 0% used [0x00000000dfc80000,0x00000000dfc80000,0x00000000e0b80000)
 ParOldGen       total 108032K, used 18762K [0x0000000081a00000, 0x0000000088380000, 0x00000000d5e00000)
  object space 108032K, 17% used [0x0000000081a00000,0x0000000082c529c8,0x0000000088380000)
 Metaspace       used 34872K, capacity 35426K, committed 35496K, reserved 1081344K
  class space    used 4459K, capacity 4607K, committed 4608K, reserved 1048576K
}
Event: 6.036 GC heap before
{Heap before GC invocations=8 (full 2):
 PSYoungGen      total 138240K, used 133063K [0x00000000d5e00000, 0x00000000e0b80000, 0x0000000100000000)
  eden space 133120K, 99% used [0x00000000d5e00000,0x00000000ddff1cc8,0x00000000de000000)
  from space 5120K, 0% used [0x00000000de000000,0x00000000de000000,0x00000000de500000)
  to   space 15360K, 0% used [0x00000000dfc80000,0x00000000dfc80000,0x00000000e0b80000)
 ParOldGen       total 108032K, used 18762K [0x0000000081a00000, 0x0000000088380000, 0x00000000d5e00000)
  object space 108032K, 17% used [0x0000000081a00000,0x0000000082c529c8,0x0000000088380000)
 Metaspace       used 43906K, capacity 44736K, committed 44928K, reserved 1089536K
  class space    used 5461K, capacity 5652K, committed 5760K, reserved 1048576K
Event: 6.070 GC heap after
Heap after GC invocations=8 (full 2):
 PSYoungGen      total 153088K, used 15336K [0x00000000d5e00000, 0x00000000e4280000, 0x0000000100000000)
  eden space 137728K, 0% used [0x00000000d5e00000,0x00000000d5e00000,0x00000000de480000)
  from space 15360K, 99% used [0x00000000dfc80000,0x00000000e0b7a2a0,0x00000000e0b80000)
  to   space 24576K, 0% used [0x00000000de480000,0x00000000de480000,0x00000000dfc80000)
 ParOldGen       total 108032K, used 31536K [0x0000000081a00000, 0x0000000088380000, 0x00000000d5e00000)
  object space 108032K, 29% used [0x0000000081a00000,0x00000000838cc3a0,0x0000000088380000)
 Metaspace       used 43906K, capacity 44736K, committed 44928K, reserved 1089536K
  class space    used 5461K, capacity 5652K, committed 5760K, reserved 1048576K
}

