# JRE version: OpenJDK Runtime Environment (8.0_202-b03) (build 1.8.0_202-release-1483-b03)
# Java VM: OpenJDK 64-Bit Server VM (25.202-b03 mixed mode windows-amd64 compressed oops)
Heap:
 PSYoungGen      total 337408K, used 42469K [0x00000000e0000000, 0x00000000faf80000, 0x0000000100000000)
  eden space 314880K, 6% used [0x00000000e0000000,0x00000000e1380368,0x00000000f3380000)
  from space 22528K, 99% used [0x00000000f4d80000,0x00000000f6379278,0x00000000f6380000)
  to   space 26624K, 0% used [0x00000000f3380000,0x00000000f3380000,0x00000000f4d80000)
 ParOldGen       total 115200K, used 47551K [0x00000000a0000000, 0x00000000a7080000, 0x00000000e0000000)
  object space 115200K, 41% used [0x00000000a0000000,0x00000000a2e6ffb8,0x00000000a7080000)
 Metaspace       used 90849K, capacity 94084K, committed 94356K, reserved 1130496K
  class space    used 11736K, capacity 12363K, committed 12476K, reserved 1048576K
GC Heap History (10 events):
Event: 3869.787 GC heap before
{Heap before GC invocations=14 (full 3):
 PSYoungGen      total 271872K, used 253952K [0x00000000e0000000, 0x00000000f2100000, 0x0000000100000000)
  eden space 253952K, 100% used [0x00000000e0000000,0x00000000ef800000,0x00000000ef800000)
  from space 17920K, 0% used [0x00000000f0d80000,0x00000000f0d80000,0x00000000f1f00000)
  to   space 20992K, 0% used [0x00000000ef800000,0x00000000ef800000,0x00000000f0c80000)
 ParOldGen       total 115200K, used 34016K [0x00000000a0000000, 0x00000000a7080000, 0x00000000e0000000)
  object space 115200K, 29% used [0x00000000a0000000,0x00000000a2138070,0x00000000a7080000)
 Metaspace       used 65608K, capacity 67750K, committed 67860K, reserved 1107968K
  class space    used 8535K, capacity 9012K, committed 9020K, reserved 1048576K
Event: 3869.857 GC heap after
Heap after GC invocations=14 (full 3):
 PSYoungGen      total 274944K, used 16913K [0x00000000e0000000, 0x00000000f6c80000, 0x0000000100000000)
  eden space 253952K, 0% used [0x00000000e0000000,0x00000000e0000000,0x00000000ef800000)
  from space 20992K, 80% used [0x00000000ef800000,0x00000000f08846f8,0x00000000f0c80000)
  to   space 22528K, 0% used [0x00000000f5680000,0x00000000f5680000,0x00000000f6c80000)
 ParOldGen       total 115200K, used 34024K [0x00000000a0000000, 0x00000000a7080000, 0x00000000e0000000)
  object space 115200K, 29% used [0x00000000a0000000,0x00000000a213a070,0x00000000a7080000)
 Metaspace       used 65608K, capacity 67750K, committed 67860K, reserved 1107968K
  class space    used 8535K, capacity 9012K, committed 9020K, reserved 1048576K
}
Event: 3875.279 GC heap before
{Heap before GC invocations=15 (full 3):
 PSYoungGen      total 274944K, used 270865K [0x00000000e0000000, 0x00000000f6c80000, 0x0000000100000000)
  eden space 253952K, 100% used [0x00000000e0000000,0x00000000ef800000,0x00000000ef800000)
  from space 20992K, 80% used [0x00000000ef800000,0x00000000f08846f8,0x00000000f0c80000)
  to   space 22528K, 0% used [0x00000000f5680000,0x00000000f5680000,0x00000000f6c80000)
 ParOldGen       total 115200K, used 34024K [0x00000000a0000000, 0x00000000a7080000, 0x00000000e0000000)
  object space 115200K, 29% used [0x00000000a0000000,0x00000000a213a070,0x00000000a7080000)
 Metaspace       used 71092K, capacity 73318K, committed 73620K, reserved 1114112K
  class space    used 9108K, capacity 9626K, committed 9660K, reserved 1048576K
Event: 3875.298 GC heap after
Heap after GC invocations=15 (full 3):
 PSYoungGen      total 331264K, used 7922K [0x00000000e0000000, 0x00000000f6280000, 0x0000000100000000)
  eden space 318976K, 0% used [0x00000000e0000000,0x00000000e0000000,0x00000000f3780000)
  from space 12288K, 64% used [0x00000000f5680000,0x00000000f5e3cae0,0x00000000f6280000)
  to   space 22016K, 0% used [0x00000000f3780000,0x00000000f3780000,0x00000000f4d00000)
 ParOldGen       total 115200K, used 45335K [0x00000000a0000000, 0x00000000a7080000, 0x00000000e0000000)
  object space 115200K, 39% used [0x00000000a0000000,0x00000000a2c45d78,0x00000000a7080000)
 Metaspace       used 71092K, capacity 73318K, committed 73620K, reserved 1114112K
  class space    used 9108K, capacity 9626K, committed 9660K, reserved 1048576K
}
Event: 3879.838 GC heap before
{Heap before GC invocations=16 (full 3):
 PSYoungGen      total 331264K, used 164567K [0x00000000e0000000, 0x00000000f6280000, 0x0000000100000000)
  eden space 318976K, 49% used [0x00000000e0000000,0x00000000e98f9340,0x00000000f3780000)
  from space 12288K, 64% used [0x00000000f5680000,0x00000000f5e3cae0,0x00000000f6280000)
  to   space 22016K, 0% used [0x00000000f3780000,0x00000000f3780000,0x00000000f4d00000)
 ParOldGen       total 115200K, used 45335K [0x00000000a0000000, 0x00000000a7080000, 0x00000000e0000000)
  object space 115200K, 39% used [0x00000000a0000000,0x00000000a2c45d78,0x00000000a7080000)
 Metaspace       used 76256K, capacity 78704K, committed 78996K, reserved 1118208K
  class space    used 9853K, capacity 10375K, committed 10428K, reserved 1048576K
Event: 3879.857 GC heap after
Heap after GC invocations=16 (full 3):
 PSYoungGen      total 340992K, used 15000K [0x00000000e0000000, 0x00000000f6380000, 0x0000000100000000)
  eden space 318976K, 0% used [0x00000000e0000000,0x00000000e0000000,0x00000000f3780000)
  from space 22016K, 68% used [0x00000000f3780000,0x00000000f4626268,0x00000000f4d00000)
  to   space 22528K, 0% used [0x00000000f4d80000,0x00000000f4d80000,0x00000000f6380000)
 ParOldGen       total 115200K, used 45343K [0x00000000a0000000, 0x00000000a7080000, 0x00000000e0000000)
  object space 115200K, 39% used [0x00000000a0000000,0x00000000a2c47d78,0x00000000a7080000)
 Metaspace       used 76256K, capacity 78704K, committed 78996K, reserved 1118208K
  class space    used 9853K, capacity 10375K, committed 10428K, reserved 1048576K
}
Event: 3879.857 GC heap before
{Heap before GC invocations=17 (full 4):
 PSYoungGen      total 340992K, used 15000K [0x00000000e0000000, 0x00000000f6380000, 0x0000000100000000)
  eden space 318976K, 0% used [0x00000000e0000000,0x00000000e0000000,0x00000000f3780000)
  from space 22016K, 68% used [0x00000000f3780000,0x00000000f4626268,0x00000000f4d00000)
  to   space 22528K, 0% used [0x00000000f4d80000,0x00000000f4d80000,0x00000000f6380000)
 ParOldGen       total 115200K, used 45343K [0x00000000a0000000, 0x00000000a7080000, 0x00000000e0000000)
  object space 115200K, 39% used [0x00000000a0000000,0x00000000a2c47d78,0x00000000a7080000)
 Metaspace       used 76256K, capacity 78704K, committed 78996K, reserved 1118208K
  class space    used 9853K, capacity 10375K, committed 10428K, reserved 1048576K
Event: 3880.133 GC heap after
Heap after GC invocations=17 (full 4):
 PSYoungGen      total 340992K, used 0K [0x00000000e0000000, 0x00000000f6380000, 0x0000000100000000)
  eden space 318976K, 0% used [0x00000000e0000000,0x00000000e0000000,0x00000000f3780000)
  from space 22016K, 0% used [0x00000000f3780000,0x00000000f3780000,0x00000000f4d00000)
  to   space 22528K, 0% used [0x00000000f4d80000,0x00000000f4d80000,0x00000000f6380000)
 ParOldGen       total 115200K, used 44078K [0x00000000a0000000, 0x00000000a7080000, 0x00000000e0000000)
  object space 115200K, 38% used [0x00000000a0000000,0x00000000a2b0b808,0x00000000a7080000)
 Metaspace       used 76003K, capacity 78194K, committed 78996K, reserved 1118208K
  class space    used 9794K, capacity 10268K, committed 10428K, reserved 1048576K
}
Event: 3893.918 GC heap before
{Heap before GC invocations=18 (full 4):
 PSYoungGen      total 340992K, used 318976K [0x00000000e0000000, 0x00000000f6380000, 0x0000000100000000)
  eden space 318976K, 100% used [0x00000000e0000000,0x00000000f3780000,0x00000000f3780000)
  from space 22016K, 0% used [0x00000000f3780000,0x00000000f3780000,0x00000000f4d00000)
  to   space 22528K, 0% used [0x00000000f4d80000,0x00000000f4d80000,0x00000000f6380000)
 ParOldGen       total 115200K, used 44078K [0x00000000a0000000, 0x00000000a7080000, 0x00000000e0000000)
  object space 115200K, 38% used [0x00000000a0000000,0x00000000a2b0b808,0x00000000a7080000)
 Metaspace       used 89797K, capacity 92706K, committed 92820K, reserved 1130496K
  class space    used 11602K, capacity 12176K, committed 12220K, reserved 1048576K
Event: 3893.948 GC heap after
Heap after GC invocations=18 (full 4):
 PSYoungGen      total 337408K, used 22500K [0x00000000e0000000, 0x00000000faf80000, 0x0000000100000000)
  eden space 314880K, 0% used [0x00000000e0000000,0x00000000e0000000,0x00000000f3380000)
  from space 22528K, 99% used [0x00000000f4d80000,0x00000000f6379278,0x00000000f6380000)
  to   space 26624K, 0% used [0x00000000f3380000,0x00000000f3380000,0x00000000f4d80000)
 ParOldGen       total 115200K, used 47551K [0x00000000a0000000, 0x00000000a7080000, 0x00000000e0000000)
  object space 115200K, 41% used [0x00000000a0000000,0x00000000a2e6ffb8,0x00000000a7080000)
 Metaspace       used 89797K, capacity 92706K, committed 92820K, reserved 1130496K
  class space    used 11602K, capacity 12176K, committed 12220K, reserved 1048576K
}

